<?xml version="1.0" encoding="UTF-8"?>
<testng-results ignored="0" total="1" passed="1" failed="0" skipped="0">
  <reporter-output>
  </reporter-output>
  <suite started-at="2024-02-26T12:26:05 IST" name="Default suite" finished-at="2024-02-26T12:26:10 IST" duration-ms="4929">
    <groups>
    </groups>
    <test started-at="2024-02-26T12:26:05 IST" name="Default test" finished-at="2024-02-26T12:26:10 IST" duration-ms="4929">
      <class name="mavensel.Demoprgm1">
        <test-method signature="test()[pri:0, instance:mavensel.Demoprgm1@67d48005]" started-at="2024-02-26T12:26:05 IST" name="test" finished-at="2024-02-26T12:26:10 IST" duration-ms="4885" status="PASS">
          <reporter-output>
          </reporter-output>
        </test-method> <!-- test -->
      </class> <!-- mavensel.Demoprgm1 -->
    </test> <!-- Default test -->
  </suite> <!-- Default suite -->
</testng-results>
